Build started 6/3/2011 8:47:55 AM.
     1>Project "C:\Users\Korisnik\Documents\Visual Studio 2010\Projects\DZ 2 ASP\DZ 2 ASP\DZ 2 ASP.vcxproj" on node 2 (build target(s)).
     1>InitializeBuildStatus:
         Creating "Debug\DZ 2 ASP.unsuccessfulbuild" because "AlwaysCreate" was specified.
       ClCompile:
         C:\Program Files\Microsoft Visual Studio 10.0\VC\bin\CL.exe /c /ZI /nologo /W3 /WX- /Od /Oy- /D WIN32 /D _DEBUG /D _CONSOLE /D _UNICODE /D UNICODE /Gm /EHsc /RTC1 /MDd /GS /fp:precise /Zc:wchar_t /Zc:forScope /Fo"Debug\\" /Fd"Debug\vc100.pdb" /Gd /TC /analyze- /errorReport:prompt Tacka4.c
         Tacka4.c
     1>c:\users\korisnik\documents\visual studio 2010\projects\dz 2 asp\dz 2 asp\tacka4.c(4): warning C4996: 'fopen': This function or variable may be unsafe. Consider using fopen_s instead. To disable deprecation, use _CRT_SECURE_NO_WARNINGS. See online help for details.
                 c:\program files\microsoft visual studio 10.0\vc\include\stdio.h(234) : see declaration of 'fopen'
       ManifestResourceCompile:
         All outputs are up-to-date.
       Link:
         C:\Program Files\Microsoft Visual Studio 10.0\VC\bin\link.exe /ERRORREPORT:PROMPT /OUT:"C:\Users\Korisnik\Documents\Visual Studio 2010\Projects\DZ 2 ASP\Debug\DZ 2 ASP.exe" /INCREMENTAL /NOLOGO kernel32.lib user32.lib gdi32.lib winspool.lib comdlg32.lib advapi32.lib shell32.lib ole32.lib oleaut32.lib uuid.lib odbc32.lib odbccp32.lib /MANIFEST /ManifestFile:"Debug\DZ 2 ASP.exe.intermediate.manifest" /MANIFESTUAC:"level='asInvoker' uiAccess='false'" /DEBUG /PDB:"C:\Users\Korisnik\Documents\Visual Studio 2010\Projects\DZ 2 ASP\Debug\DZ 2 ASP.pdb" /SUBSYSTEM:CONSOLE /TLBID:1 /DYNAMICBASE /NXCOMPAT /IMPLIB:"C:\Users\Korisnik\Documents\Visual Studio 2010\Projects\DZ 2 ASP\Debug\DZ 2 ASP.lib" /MACHINE:X86 "Debug\DZ 2 ASP.exe.embed.manifest.res"
         Debug\Def_st_za_graf.obj
         "Debug\Glavni program.obj"
         Debug\Ispisi.obj
         "Debug\Tacka 1.obj"
         Debug\Tacka2.obj
         Debug\Tacka3.obj
         Debug\Tacka4.obj
         Debug\Tacka5.obj
         Debug\Tacka6.obj
         Debug\Ucitaj.obj
       Manifest:
         C:\Program Files\Microsoft SDKs\Windows\v7.0A\bin\mt.exe /nologo /verbose /out:"Debug\DZ 2 ASP.exe.embed.manifest" /manifest "Debug\DZ 2 ASP.exe.intermediate.manifest"
         All outputs are up-to-date.
       LinkEmbedManifest:
         All outputs are up-to-date.
         DZ 2 ASP.vcxproj -> C:\Users\Korisnik\Documents\Visual Studio 2010\Projects\DZ 2 ASP\Debug\DZ 2 ASP.exe
       FinalizeBuildStatus:
         Deleting file "Debug\DZ 2 ASP.unsuccessfulbuild".
         Touching "Debug\DZ 2 ASP.lastbuildstate".
     1>Done Building Project "C:\Users\Korisnik\Documents\Visual Studio 2010\Projects\DZ 2 ASP\DZ 2 ASP\DZ 2 ASP.vcxproj" (build target(s)).

Build succeeded.

Time Elapsed 00:00:01.69
